Performing C SOURCE FILE Test CMAKE_HAVE_LIBC_PTHREAD failed with the following output:
Change Dir: /home/kmirakho/Documents/off-belief-learning/build_2/CMakeFiles/CMakeTmp

Run Build Command(s):/usr/bin/gmake -f Makefile cmTC_23d69/fast && /usr/bin/gmake  -f CMakeFiles/cmTC_23d69.dir/build.make CMakeFiles/cmTC_23d69.dir/build
gmake[1]: Entering directory '/home/kmirakho/Documents/off-belief-learning/build_2/CMakeFiles/CMakeTmp'
Building C object CMakeFiles/cmTC_23d69.dir/src.c.o
/home/kmirakho/anaconda3/envs/trial_hanabi/bin/cc -DCMAKE_HAVE_LIBC_PTHREAD   -o CMakeFiles/cmTC_23d69.dir/src.c.o -c /home/kmirakho/Documents/off-belief-learning/build_2/CMakeFiles/CMakeTmp/src.c
Linking C executable cmTC_23d69
/home/kmirakho/anaconda3/envs/trial_hanabi/bin/cmake -E cmake_link_script CMakeFiles/cmTC_23d69.dir/link.txt --verbose=1
/home/kmirakho/anaconda3/envs/trial_hanabi/bin/cc CMakeFiles/cmTC_23d69.dir/src.c.o -o cmTC_23d69 
/home/kmirakho/anaconda3/envs/trial_hanabi/bin/../lib/gcc/x86_64-conda-linux-gnu/11.4.0/../../../../x86_64-conda-linux-gnu/bin/ld: CMakeFiles/cmTC_23d69.dir/src.c.o: in function `main':
src.c:(.text+0x2f): undefined reference to `pthread_create'
/home/kmirakho/anaconda3/envs/trial_hanabi/bin/../lib/gcc/x86_64-conda-linux-gnu/11.4.0/../../../../x86_64-conda-linux-gnu/bin/ld: src.c:(.text+0x3b): undefined reference to `pthread_detach'
/home/kmirakho/anaconda3/envs/trial_hanabi/bin/../lib/gcc/x86_64-conda-linux-gnu/11.4.0/../../../../x86_64-conda-linux-gnu/bin/ld: src.c:(.text+0x47): undefined reference to `pthread_cancel'
/home/kmirakho/anaconda3/envs/trial_hanabi/bin/../lib/gcc/x86_64-conda-linux-gnu/11.4.0/../../../../x86_64-conda-linux-gnu/bin/ld: src.c:(.text+0x58): undefined reference to `pthread_join'
/home/kmirakho/anaconda3/envs/trial_hanabi/bin/../lib/gcc/x86_64-conda-linux-gnu/11.4.0/../../../../x86_64-conda-linux-gnu/bin/ld: src.c:(.text+0x6c): undefined reference to `pthread_atfork'
collect2: error: ld returned 1 exit status
gmake[1]: *** [CMakeFiles/cmTC_23d69.dir/build.make:99: cmTC_23d69] Error 1
gmake[1]: Leaving directory '/home/kmirakho/Documents/off-belief-learning/build_2/CMakeFiles/CMakeTmp'
gmake: *** [Makefile:127: cmTC_23d69/fast] Error 2


Source file was:
#include <pthread.h>

static void* test_func(void* data)
{
  return data;
}

int main(void)
{
  pthread_t thread;
  pthread_create(&thread, NULL, test_func, NULL);
  pthread_detach(thread);
  pthread_cancel(thread);
  pthread_join(thread, NULL);
  pthread_atfork(NULL, NULL, NULL);
  pthread_exit(NULL);

  return 0;
}

Determining if the function pthread_create exists in the pthreads failed with the following output:
Change Dir: /home/kmirakho/Documents/off-belief-learning/build_2/CMakeFiles/CMakeTmp

Run Build Command(s):/usr/bin/gmake -f Makefile cmTC_b8b99/fast && /usr/bin/gmake  -f CMakeFiles/cmTC_b8b99.dir/build.make CMakeFiles/cmTC_b8b99.dir/build
gmake[1]: Entering directory '/home/kmirakho/Documents/off-belief-learning/build_2/CMakeFiles/CMakeTmp'
Building C object CMakeFiles/cmTC_b8b99.dir/CheckFunctionExists.c.o
/home/kmirakho/anaconda3/envs/trial_hanabi/bin/cc   -DCHECK_FUNCTION_EXISTS=pthread_create -o CMakeFiles/cmTC_b8b99.dir/CheckFunctionExists.c.o -c /home/kmirakho/anaconda3/envs/trial_hanabi/share/cmake-3.21/Modules/CheckFunctionExists.c
Linking C executable cmTC_b8b99
/home/kmirakho/anaconda3/envs/trial_hanabi/bin/cmake -E cmake_link_script CMakeFiles/cmTC_b8b99.dir/link.txt --verbose=1
/home/kmirakho/anaconda3/envs/trial_hanabi/bin/cc  -DCHECK_FUNCTION_EXISTS=pthread_create CMakeFiles/cmTC_b8b99.dir/CheckFunctionExists.c.o -o cmTC_b8b99  -lpthreads 
/home/kmirakho/anaconda3/envs/trial_hanabi/bin/../lib/gcc/x86_64-conda-linux-gnu/11.4.0/../../../../x86_64-conda-linux-gnu/bin/ld: cannot find -lpthreads: No such file or directory
collect2: error: ld returned 1 exit status
gmake[1]: *** [CMakeFiles/cmTC_b8b99.dir/build.make:99: cmTC_b8b99] Error 1
gmake[1]: Leaving directory '/home/kmirakho/Documents/off-belief-learning/build_2/CMakeFiles/CMakeTmp'
gmake: *** [Makefile:127: cmTC_b8b99/fast] Error 2



